0 verbose cli C:\Program Files\nodejs\node.exe D:\Program Files\nodejs\node_global\node_modules\npm\bin\npm-cli.js
1 info using npm@8.16.0
2 info using node@v24.11.0
3 timing npm:load:whichnode Completed in 0ms
4 timing config:load:defaults Completed in 2ms
5 timing config:load:file:D:\Program Files\nodejs\node_global\node_modules\npm\npmrc Completed in 2ms
6 timing config:load:builtin Completed in 2ms
7 timing config:load:cli Completed in 1ms
8 timing config:load:env Completed in 1ms
9 timing config:load:file:E:\web\PolyWeather\frontend\.npmrc Completed in 1ms
10 timing config:load:project Completed in 3ms
11 timing config:load:file:C:\Users\Yang\.npmrc Completed in 0ms
12 timing config:load:user Completed in 0ms
13 verbose config error loading global config [Error: EPERM: operation not permitted, open 'C:\Users\Yang\AppData\Roaming\npm\etc\npmrc'] {
13 verbose config   errno: -4048,
13 verbose config   code: 'EPERM',
13 verbose config   syscall: 'open',
13 verbose config   path: 'C:\\Users\\Yang\\AppData\\Roaming\\npm\\etc\\npmrc'
13 verbose config }
14 timing config:load:file:C:\Users\Yang\AppData\Roaming\npm\etc\npmrc Completed in 1ms
15 timing config:load:global Completed in 1ms
16 timing config:load:validate Completed in 1ms
17 timing config:load:credentials Completed in 1ms
18 timing config:load:setEnvs Completed in 0ms
19 timing config:load Completed in 12ms
20 timing npm:load:configload Completed in 13ms
21 timing npm:load:mkdirpcache Completed in 1ms
22 timing npm:load:mkdirplogs Completed in 1ms
23 verbose title npm run build
24 verbose argv "run" "build"
25 timing npm:load:setTitle Completed in 0ms
26 timing config:load:flatten Completed in 2ms
27 timing npm:load:display Completed in 2ms
28 verbose logfile logs-max:10 dir:E:\web\PolyWeather\.npm-cache\_logs
29 verbose logfile E:\web\PolyWeather\.npm-cache\_logs\2026-03-12T23_04_58_382Z-debug-0.log
30 timing npm:load:logFile Completed in 6ms
31 timing npm:load:timers Completed in 0ms
32 timing npm:load:configScope Completed in 0ms
33 timing npm:load Completed in 23ms
34 silly logfile done cleaning log files
35 http fetch GET 200 https://registry.npmmirror.com/npm 354ms (cache miss)
36 timing command:run Completed in 1340ms
37 notice
37 notice New major version of npm available! 8.16.0 -> 11.11.1
37 notice Changelog: <https://github.com/npm/cli/releases/tag/v11.11.1>
37 notice Run `npm install -g npm@11.11.1` to update!
37 notice
38 verbose exit 1
39 timing npm Completed in 1412ms
40 verbose code 1
